<?xml version="1.0" encoding="UTF-8"?>
<!-- Generated by org.testng.reporters.JUnitReportReporter -->
<testsuite hostname="ZSCHN01LP0391" failures="0" tests="1" name="runners.GooglePageRunner" time="14.120" errors="0" timestamp="2024-02-08T14:36:36 IST" skipped="0">
  <testcase classname="runners.GooglePageRunner" name="runScenario" time="14.120"/>
  <system-out/>
</testsuite> <!-- runners.GooglePageRunner -->
